<?xml version="1.0" encoding="UTF-8"?>
<!-- Generated by org.testng.reporters.JUnitReportReporter -->
<testsuite skipped="0" hostname="HP-HP" name="String_examples" tests="1" failures="0" timestamp="19 Aug 2019 15:48:46 GMT" time="0.012" errors="0">
  <testcase name="substring" time="0.012" classname="String_examples"/>
</testsuite> <!-- String_examples -->
