<?xml version="1.0" encoding="UTF-8"?>
<!-- Generated by org.testng.reporters.JUnitReportReporter -->
<testsuite skipped="0" hostname="HP-HP" name="NewTest" tests="1" failures="0" timestamp="05 Aug 2019 16:51:27 GMT" time="38.851" errors="0">
  <testcase name="f" time="38.851" classname="NewTest"/>
</testsuite> <!-- NewTest -->
